2024-05-08 17:17:17 [restartedMain] INFO 	c.p.PractiseForProductionApplication-[StartupInfoLogger.java:55]-Starting PractiseForProductionApplication using Java 17.0.9 on CWDT107 with PID 30728 (C:\Users\DhavalAjmera\Documents\workspace-spring-tool-suite-4-4.21.0.RELEASE\Practise_For_Production\target\classes started by DhavalAjmera in C:\Users\DhavalAjmera\Documents\workspace-spring-tool-suite-4-4.21.0.RELEASE\Practise_For_Production)
2024-05-08 17:17:17 [restartedMain] INFO 	c.p.PractiseForProductionApplication-[SpringApplication.java:632]-No active profile set, falling back to 1 default profile: "default"
2024-05-08 17:17:17 [restartedMain] INFO 	o.s.d.r.c.RepositoryConfigurationDelegate-[RepositoryConfigurationDelegate.java:132]-Bootstrapping Spring Data JPA repositories in DEFAULT mode.
2024-05-08 17:17:17 [restartedMain] INFO 	o.s.d.r.c.RepositoryConfigurationDelegate-[RepositoryConfigurationDelegate.java:201]-Finished Spring Data repository scanning in 8 ms. Found 1 JPA repository interfaces.
2024-05-08 17:17:17 [restartedMain] INFO 	o.s.cloud.context.scope.GenericScope-[GenericScope.java:283]-BeanFactory id=38ed14e7-8f01-3c29-af2d-a1084dbc34b8
2024-05-08 17:17:17 [restartedMain] INFO 	o.s.b.w.e.tomcat.TomcatWebServer-[TomcatWebServer.java:108]-Tomcat initialized with port(s): 8090 (http)
2024-05-08 17:17:17 [restartedMain] INFO 	o.a.catalina.core.StandardService-[DirectJDKLog.java:173]-Starting service [Tomcat]
2024-05-08 17:17:17 [restartedMain] INFO 	o.a.catalina.core.StandardEngine-[DirectJDKLog.java:173]-Starting Servlet engine: [Apache Tomcat/9.0.83]
2024-05-08 17:17:17 [restartedMain] INFO 	o.a.c.c.C.[Tomcat].[localhost].[/]-[DirectJDKLog.java:173]-Initializing Spring embedded WebApplicationContext
2024-05-08 17:17:17 [restartedMain] INFO 	o.s.b.w.s.c.ServletWebServerApplicationContext-[ServletWebServerApplicationContext.java:292]-Root WebApplicationContext: initialization completed in 338 ms
2024-05-08 17:17:17 [restartedMain] INFO 	o.h.jpa.internal.util.LogHelper-[LogHelper.java:31]-HHH000204: Processing PersistenceUnitInfo [name: default]
2024-05-08 17:17:17 [restartedMain] INFO 	com.zaxxer.hikari.HikariDataSource-[HikariDataSource.java:110]-HikariPool-31 - Starting...
2024-05-08 17:17:17 [restartedMain] INFO 	com.zaxxer.hikari.HikariDataSource-[HikariDataSource.java:123]-HikariPool-31 - Start completed.
2024-05-08 17:17:17 [restartedMain] INFO 	org.hibernate.dialect.Dialect-[Dialect.java:175]-HHH000400: Using dialect: org.hibernate.dialect.MySQL8Dialect
2024-05-08 17:17:17 [restartedMain] INFO 	o.h.e.t.j.p.i.JtaPlatformInitiator-[JtaPlatformInitiator.java:52]-HHH000490: Using JtaPlatform implementation: [org.hibernate.engine.transaction.jta.platform.internal.NoJtaPlatform]
2024-05-08 17:17:17 [restartedMain] INFO 	o.s.o.j.LocalContainerEntityManagerFactoryBean-[AbstractEntityManagerFactoryBean.java:437]-Initialized JPA EntityManagerFactory for persistence unit 'default'
2024-05-08 17:17:17 [restartedMain] WARN 	o.s.b.a.o.j.JpaBaseConfiguration$JpaWebConfiguration-[JpaBaseConfiguration.java:223]-spring.jpa.open-in-view is enabled by default. Therefore, database queries may be performed during view rendering. Explicitly configure spring.jpa.open-in-view to disable this warning
2024-05-08 17:17:17 [restartedMain] WARN 	o.s.b.d.a.OptionalLiveReloadServer-[OptionalLiveReloadServer.java:62]-Unable to start LiveReload server
2024-05-08 17:17:17 [restartedMain] INFO 	o.s.c.n.e.c.DiscoveryClientOptionalArgsConfiguration-[DiscoveryClientOptionalArgsConfiguration.java:68]-Eureka HTTP Client uses RestTemplate.
2024-05-08 17:17:17 [restartedMain] WARN 	o.s.c.l.c.LoadBalancerCacheAutoConfiguration$LoadBalancerCaffeineWarnLogger-[LoadBalancerCacheAutoConfiguration.java:82]-Spring Cloud LoadBalancer is currently working with the default cache. While this cache implementation is useful for development and tests, it's recommended to use Caffeine cache in production.You can switch to using Caffeine cache, by adding it and org.springframework.cache.caffeine.CaffeineCacheManager to the classpath.
2024-05-08 17:17:18 [restartedMain] INFO 	o.s.c.n.eureka.InstanceInfoFactory-[InstanceInfoFactory.java:67]-Setting initial instance status as: STARTING
2024-05-08 17:17:18 [restartedMain] INFO 	c.netflix.discovery.DiscoveryClient-[DiscoveryClient.java:372]-Initializing Eureka in region us-east-1
2024-05-08 17:17:18 [restartedMain] INFO 	c.n.d.s.r.aws.ConfigClusterResolver-[ConfigClusterResolver.java:43]-Resolving eureka endpoints via configuration
2024-05-08 17:17:18 [restartedMain] INFO 	c.netflix.discovery.DiscoveryClient-[DiscoveryClient.java:1007]-Disable delta property : false
2024-05-08 17:17:18 [restartedMain] INFO 	c.netflix.discovery.DiscoveryClient-[DiscoveryClient.java:1008]-Single vip registry refresh property : null
2024-05-08 17:17:18 [restartedMain] INFO 	c.netflix.discovery.DiscoveryClient-[DiscoveryClient.java:1009]-Force full registry fetch : false
2024-05-08 17:17:18 [restartedMain] INFO 	c.netflix.discovery.DiscoveryClient-[DiscoveryClient.java:1010]-Application is null : false
2024-05-08 17:17:18 [restartedMain] INFO 	c.netflix.discovery.DiscoveryClient-[DiscoveryClient.java:1011]-Registered Applications size is zero : true
2024-05-08 17:17:18 [restartedMain] INFO 	c.netflix.discovery.DiscoveryClient-[DiscoveryClient.java:1013]-Application version is -1: true
2024-05-08 17:17:18 [restartedMain] INFO 	c.netflix.discovery.DiscoveryClient-[DiscoveryClient.java:1097]-Getting all instance registry info from the eureka server
2024-05-08 17:17:18 [restartedMain] INFO 	c.netflix.discovery.DiscoveryClient-[DiscoveryClient.java:1106]-The response status is 200
2024-05-08 17:17:18 [restartedMain] INFO 	c.netflix.discovery.DiscoveryClient-[DiscoveryClient.java:1321]-Starting heartbeat executor: renew interval is: 30
2024-05-08 17:17:18 [restartedMain] INFO 	c.n.discovery.InstanceInfoReplicator-[InstanceInfoReplicator.java:60]-InstanceInfoReplicator onDemand update allowed rate per min is 4
2024-05-08 17:17:18 [restartedMain] INFO 	c.netflix.discovery.DiscoveryClient-[DiscoveryClient.java:492]-Discovery Client initialized at timestamp 1715168838016 with initial instances count: 0
2024-05-08 17:17:18 [restartedMain] INFO 	o.s.c.n.e.s.EurekaServiceRegistry-[EurekaServiceRegistry.java:41]-Registering application PRACTISE_FOR_PRODUCTION with eureka with status UP
2024-05-08 17:17:18 [restartedMain] INFO 	c.netflix.discovery.DiscoveryClient-[DiscoveryClient.java:1352]-Saw local status change event StatusChangeEvent [timestamp=1715168838017, current=UP, previous=STARTING]
2024-05-08 17:17:18 [DiscoveryClient-InstanceInfoReplicator-0] INFO 	c.netflix.discovery.DiscoveryClient-[DiscoveryClient.java:873]-DiscoveryClient_PRACTISE_FOR_PRODUCTION/CWDT107:Practise_For_Production:8090: registering service...
2024-05-08 17:17:18 [restartedMain] INFO 	o.s.b.w.e.tomcat.TomcatWebServer-[TomcatWebServer.java:220]-Tomcat started on port(s): 8090 (http) with context path ''
2024-05-08 17:17:18 [restartedMain] INFO 	o.s.c.n.e.s.EurekaAutoServiceRegistration-[EurekaAutoServiceRegistration.java:144]-Updating port to 8090
2024-05-08 17:17:18 [DiscoveryClient-InstanceInfoReplicator-0] INFO 	c.netflix.discovery.DiscoveryClient-[DiscoveryClient.java:882]-DiscoveryClient_PRACTISE_FOR_PRODUCTION/CWDT107:Practise_For_Production:8090 - registration status: 204
2024-05-08 17:17:18 [restartedMain] INFO 	c.p.PractiseForProductionApplication-[StartupInfoLogger.java:61]-Started PractiseForProductionApplication in 0.743 seconds (JVM running for 12154.48)
2024-05-08 17:17:18 [restartedMain] INFO 	o.s.b.d.a.ConditionEvaluationDeltaLoggingListener-[ConditionEvaluationDeltaLoggingListener.java:63]-Condition evaluation unchanged
2024-05-08 17:17:48 [DiscoveryClient-CacheRefreshExecutor-0] INFO 	c.netflix.discovery.DiscoveryClient-[DiscoveryClient.java:1007]-Disable delta property : false
2024-05-08 17:17:48 [DiscoveryClient-CacheRefreshExecutor-0] INFO 	c.netflix.discovery.DiscoveryClient-[DiscoveryClient.java:1008]-Single vip registry refresh property : null
2024-05-08 17:17:48 [DiscoveryClient-CacheRefreshExecutor-0] INFO 	c.netflix.discovery.DiscoveryClient-[DiscoveryClient.java:1009]-Force full registry fetch : false
2024-05-08 17:17:48 [DiscoveryClient-CacheRefreshExecutor-0] INFO 	c.netflix.discovery.DiscoveryClient-[DiscoveryClient.java:1010]-Application is null : false
2024-05-08 17:17:48 [DiscoveryClient-CacheRefreshExecutor-0] INFO 	c.netflix.discovery.DiscoveryClient-[DiscoveryClient.java:1011]-Registered Applications size is zero : true
2024-05-08 17:17:48 [DiscoveryClient-CacheRefreshExecutor-0] INFO 	c.netflix.discovery.DiscoveryClient-[DiscoveryClient.java:1013]-Application version is -1: false
2024-05-08 17:17:48 [DiscoveryClient-CacheRefreshExecutor-0] INFO 	c.netflix.discovery.DiscoveryClient-[DiscoveryClient.java:1097]-Getting all instance registry info from the eureka server
2024-05-08 17:17:48 [DiscoveryClient-CacheRefreshExecutor-0] INFO 	c.netflix.discovery.DiscoveryClient-[DiscoveryClient.java:1106]-The response status is 200
2024-05-08 17:18:30 [File Watcher] INFO 	o.s.b.d.a.LocalDevToolsAutoConfiguration$RestartingClassPathChangeChangedEventListener-[LocalDevToolsAutoConfiguration.java:211]-Restarting due to 1 class path change (0 additions, 0 deletions, 1 modification)
2024-05-08 17:18:30 [Thread-184] INFO 	o.s.c.n.e.s.EurekaServiceRegistry-[EurekaServiceRegistry.java:62]-Unregistering application PRACTISE_FOR_PRODUCTION with eureka with status DOWN
2024-05-08 17:18:30 [Thread-184] INFO 	c.netflix.discovery.DiscoveryClient-[DiscoveryClient.java:1352]-Saw local status change event StatusChangeEvent [timestamp=1715168910320, current=DOWN, previous=UP]
2024-05-08 17:18:30 [DiscoveryClient-InstanceInfoReplicator-0] INFO 	c.netflix.discovery.DiscoveryClient-[DiscoveryClient.java:873]-DiscoveryClient_PRACTISE_FOR_PRODUCTION/CWDT107:Practise_For_Production:8090: registering service...
2024-05-08 17:18:30 [Thread-184] INFO 	o.a.catalina.core.StandardService-[DirectJDKLog.java:173]-Stopping service [Tomcat]
2024-05-08 17:18:30 [DiscoveryClient-InstanceInfoReplicator-0] INFO 	c.netflix.discovery.DiscoveryClient-[DiscoveryClient.java:882]-DiscoveryClient_PRACTISE_FOR_PRODUCTION/CWDT107:Practise_For_Production:8090 - registration status: 204
2024-05-08 17:18:30 [Thread-184] INFO 	o.s.o.j.LocalContainerEntityManagerFactoryBean-[AbstractEntityManagerFactoryBean.java:651]-Closing JPA EntityManagerFactory for persistence unit 'default'
2024-05-08 17:18:30 [Thread-184] INFO 	com.zaxxer.hikari.HikariDataSource-[HikariDataSource.java:350]-HikariPool-31 - Shutdown initiated...
2024-05-08 17:18:30 [Thread-184] INFO 	com.zaxxer.hikari.HikariDataSource-[HikariDataSource.java:352]-HikariPool-31 - Shutdown completed.
2024-05-08 17:18:30 [Thread-184] INFO 	c.netflix.discovery.DiscoveryClient-[DiscoveryClient.java:935]-Shutting down DiscoveryClient ...
2024-05-08 17:18:33 [Thread-184] INFO 	c.netflix.discovery.DiscoveryClient-[DiscoveryClient.java:971]-Unregistering ...
2024-05-08 17:18:33 [Thread-184] INFO 	c.netflix.discovery.DiscoveryClient-[DiscoveryClient.java:973]-DiscoveryClient_PRACTISE_FOR_PRODUCTION/CWDT107:Practise_For_Production:8090 - deregister  status: 200
2024-05-08 17:18:33 [Thread-184] INFO 	c.netflix.discovery.DiscoveryClient-[DiscoveryClient.java:960]-Completed shut down of DiscoveryClient
2024-05-08 17:18:33 [restartedMain] INFO 	c.p.PractiseForProductionApplication-[StartupInfoLogger.java:55]-Starting PractiseForProductionApplication using Java 17.0.9 on CWDT107 with PID 30728 (C:\Users\DhavalAjmera\Documents\workspace-spring-tool-suite-4-4.21.0.RELEASE\Practise_For_Production\target\classes started by DhavalAjmera in C:\Users\DhavalAjmera\Documents\workspace-spring-tool-suite-4-4.21.0.RELEASE\Practise_For_Production)
2024-05-08 17:18:33 [restartedMain] INFO 	c.p.PractiseForProductionApplication-[SpringApplication.java:632]-No active profile set, falling back to 1 default profile: "default"
2024-05-08 17:18:33 [restartedMain] INFO 	o.s.d.r.c.RepositoryConfigurationDelegate-[RepositoryConfigurationDelegate.java:132]-Bootstrapping Spring Data JPA repositories in DEFAULT mode.
2024-05-08 17:18:33 [restartedMain] INFO 	o.s.d.r.c.RepositoryConfigurationDelegate-[RepositoryConfigurationDelegate.java:201]-Finished Spring Data repository scanning in 9 ms. Found 1 JPA repository interfaces.
2024-05-08 17:18:33 [restartedMain] INFO 	o.s.cloud.context.scope.GenericScope-[GenericScope.java:283]-BeanFactory id=38ed14e7-8f01-3c29-af2d-a1084dbc34b8
2024-05-08 17:18:33 [restartedMain] INFO 	o.s.b.w.e.tomcat.TomcatWebServer-[TomcatWebServer.java:108]-Tomcat initialized with port(s): 8090 (http)
2024-05-08 17:18:33 [restartedMain] INFO 	o.a.catalina.core.StandardService-[DirectJDKLog.java:173]-Starting service [Tomcat]
2024-05-08 17:18:33 [restartedMain] INFO 	o.a.catalina.core.StandardEngine-[DirectJDKLog.java:173]-Starting Servlet engine: [Apache Tomcat/9.0.83]
2024-05-08 17:18:33 [restartedMain] INFO 	o.a.c.c.C.[Tomcat].[localhost].[/]-[DirectJDKLog.java:173]-Initializing Spring embedded WebApplicationContext
2024-05-08 17:18:33 [restartedMain] INFO 	o.s.b.w.s.c.ServletWebServerApplicationContext-[ServletWebServerApplicationContext.java:292]-Root WebApplicationContext: initialization completed in 353 ms
2024-05-08 17:18:33 [restartedMain] INFO 	o.h.jpa.internal.util.LogHelper-[LogHelper.java:31]-HHH000204: Processing PersistenceUnitInfo [name: default]
2024-05-08 17:18:33 [restartedMain] INFO 	com.zaxxer.hikari.HikariDataSource-[HikariDataSource.java:110]-HikariPool-32 - Starting...
2024-05-08 17:18:33 [restartedMain] INFO 	com.zaxxer.hikari.HikariDataSource-[HikariDataSource.java:123]-HikariPool-32 - Start completed.
2024-05-08 17:18:33 [restartedMain] INFO 	org.hibernate.dialect.Dialect-[Dialect.java:175]-HHH000400: Using dialect: org.hibernate.dialect.MySQL8Dialect
2024-05-08 17:18:33 [restartedMain] INFO 	o.h.e.t.j.p.i.JtaPlatformInitiator-[JtaPlatformInitiator.java:52]-HHH000490: Using JtaPlatform implementation: [org.hibernate.engine.transaction.jta.platform.internal.NoJtaPlatform]
2024-05-08 17:18:33 [restartedMain] INFO 	o.s.o.j.LocalContainerEntityManagerFactoryBean-[AbstractEntityManagerFactoryBean.java:437]-Initialized JPA EntityManagerFactory for persistence unit 'default'
2024-05-08 17:18:33 [restartedMain] WARN 	o.s.b.a.o.j.JpaBaseConfiguration$JpaWebConfiguration-[JpaBaseConfiguration.java:223]-spring.jpa.open-in-view is enabled by default. Therefore, database queries may be performed during view rendering. Explicitly configure spring.jpa.open-in-view to disable this warning
2024-05-08 17:18:34 [restartedMain] WARN 	o.s.b.d.a.OptionalLiveReloadServer-[OptionalLiveReloadServer.java:62]-Unable to start LiveReload server
2024-05-08 17:18:34 [restartedMain] INFO 	o.s.c.n.e.c.DiscoveryClientOptionalArgsConfiguration-[DiscoveryClientOptionalArgsConfiguration.java:68]-Eureka HTTP Client uses RestTemplate.
2024-05-08 17:18:34 [restartedMain] WARN 	o.s.c.l.c.LoadBalancerCacheAutoConfiguration$LoadBalancerCaffeineWarnLogger-[LoadBalancerCacheAutoConfiguration.java:82]-Spring Cloud LoadBalancer is currently working with the default cache. While this cache implementation is useful for development and tests, it's recommended to use Caffeine cache in production.You can switch to using Caffeine cache, by adding it and org.springframework.cache.caffeine.CaffeineCacheManager to the classpath.
2024-05-08 17:18:34 [restartedMain] INFO 	o.s.c.n.eureka.InstanceInfoFactory-[InstanceInfoFactory.java:67]-Setting initial instance status as: STARTING
2024-05-08 17:18:34 [restartedMain] INFO 	c.netflix.discovery.DiscoveryClient-[DiscoveryClient.java:372]-Initializing Eureka in region us-east-1
2024-05-08 17:18:34 [restartedMain] INFO 	c.n.d.s.r.aws.ConfigClusterResolver-[ConfigClusterResolver.java:43]-Resolving eureka endpoints via configuration
2024-05-08 17:18:34 [restartedMain] INFO 	c.netflix.discovery.DiscoveryClient-[DiscoveryClient.java:1007]-Disable delta property : false
2024-05-08 17:18:34 [restartedMain] INFO 	c.netflix.discovery.DiscoveryClient-[DiscoveryClient.java:1008]-Single vip registry refresh property : null
2024-05-08 17:18:34 [restartedMain] INFO 	c.netflix.discovery.DiscoveryClient-[DiscoveryClient.java:1009]-Force full registry fetch : false
2024-05-08 17:18:34 [restartedMain] INFO 	c.netflix.discovery.DiscoveryClient-[DiscoveryClient.java:1010]-Application is null : false
2024-05-08 17:18:34 [restartedMain] INFO 	c.netflix.discovery.DiscoveryClient-[DiscoveryClient.java:1011]-Registered Applications size is zero : true
2024-05-08 17:18:34 [restartedMain] INFO 	c.netflix.discovery.DiscoveryClient-[DiscoveryClient.java:1013]-Application version is -1: true
2024-05-08 17:18:34 [restartedMain] INFO 	c.netflix.discovery.DiscoveryClient-[DiscoveryClient.java:1097]-Getting all instance registry info from the eureka server
2024-05-08 17:18:34 [restartedMain] INFO 	c.netflix.discovery.DiscoveryClient-[DiscoveryClient.java:1106]-The response status is 200
2024-05-08 17:18:34 [restartedMain] INFO 	c.netflix.discovery.DiscoveryClient-[DiscoveryClient.java:1321]-Starting heartbeat executor: renew interval is: 30
2024-05-08 17:18:34 [restartedMain] INFO 	c.n.discovery.InstanceInfoReplicator-[InstanceInfoReplicator.java:60]-InstanceInfoReplicator onDemand update allowed rate per min is 4
2024-05-08 17:18:34 [restartedMain] INFO 	c.netflix.discovery.DiscoveryClient-[DiscoveryClient.java:492]-Discovery Client initialized at timestamp 1715168914163 with initial instances count: 1
2024-05-08 17:18:34 [restartedMain] INFO 	o.s.c.n.e.s.EurekaServiceRegistry-[EurekaServiceRegistry.java:41]-Registering application PRACTISE_FOR_PRODUCTION with eureka with status UP
2024-05-08 17:18:34 [restartedMain] INFO 	c.netflix.discovery.DiscoveryClient-[DiscoveryClient.java:1352]-Saw local status change event StatusChangeEvent [timestamp=1715168914164, current=UP, previous=STARTING]
2024-05-08 17:18:34 [DiscoveryClient-InstanceInfoReplicator-0] INFO 	c.netflix.discovery.DiscoveryClient-[DiscoveryClient.java:873]-DiscoveryClient_PRACTISE_FOR_PRODUCTION/CWDT107:Practise_For_Production:8090: registering service...
2024-05-08 17:18:34 [restartedMain] INFO 	o.s.b.w.e.tomcat.TomcatWebServer-[TomcatWebServer.java:220]-Tomcat started on port(s): 8090 (http) with context path ''
2024-05-08 17:18:34 [restartedMain] INFO 	o.s.c.n.e.s.EurekaAutoServiceRegistration-[EurekaAutoServiceRegistration.java:144]-Updating port to 8090
2024-05-08 17:18:34 [DiscoveryClient-InstanceInfoReplicator-0] INFO 	c.netflix.discovery.DiscoveryClient-[DiscoveryClient.java:882]-DiscoveryClient_PRACTISE_FOR_PRODUCTION/CWDT107:Practise_For_Production:8090 - registration status: 204
2024-05-08 17:18:34 [restartedMain] INFO 	c.p.PractiseForProductionApplication-[StartupInfoLogger.java:61]-Started PractiseForProductionApplication in 0.78 seconds (JVM running for 12230.629)
2024-05-08 17:18:34 [restartedMain] INFO 	o.s.b.d.a.ConditionEvaluationDeltaLoggingListener-[ConditionEvaluationDeltaLoggingListener.java:63]-Condition evaluation unchanged
2024-05-08 17:18:47 [RMI TCP Connection(126)-127.0.0.1] INFO 	o.s.b.a.SpringApplicationAdminMXBeanRegistrar$SpringApplicationAdmin-[SpringApplicationAdminMXBeanRegistrar.java:159]-Application shutdown requested.
2024-05-08 17:18:47 [RMI TCP Connection(126)-127.0.0.1] INFO 	o.s.c.n.e.s.EurekaServiceRegistry-[EurekaServiceRegistry.java:62]-Unregistering application PRACTISE_FOR_PRODUCTION with eureka with status DOWN
2024-05-08 17:18:47 [RMI TCP Connection(126)-127.0.0.1] INFO 	c.netflix.discovery.DiscoveryClient-[DiscoveryClient.java:1352]-Saw local status change event StatusChangeEvent [timestamp=1715168927518, current=DOWN, previous=UP]
2024-05-08 17:18:47 [DiscoveryClient-InstanceInfoReplicator-0] INFO 	c.netflix.discovery.DiscoveryClient-[DiscoveryClient.java:873]-DiscoveryClient_PRACTISE_FOR_PRODUCTION/CWDT107:Practise_For_Production:8090: registering service...
2024-05-08 17:18:47 [RMI TCP Connection(126)-127.0.0.1] INFO 	o.a.catalina.core.StandardService-[DirectJDKLog.java:173]-Stopping service [Tomcat]
2024-05-08 17:18:47 [DiscoveryClient-InstanceInfoReplicator-0] INFO 	c.netflix.discovery.DiscoveryClient-[DiscoveryClient.java:882]-DiscoveryClient_PRACTISE_FOR_PRODUCTION/CWDT107:Practise_For_Production:8090 - registration status: 204
2024-05-08 17:18:47 [RMI TCP Connection(126)-127.0.0.1] INFO 	o.s.o.j.LocalContainerEntityManagerFactoryBean-[AbstractEntityManagerFactoryBean.java:651]-Closing JPA EntityManagerFactory for persistence unit 'default'
2024-05-08 17:18:47 [RMI TCP Connection(126)-127.0.0.1] INFO 	com.zaxxer.hikari.HikariDataSource-[HikariDataSource.java:350]-HikariPool-32 - Shutdown initiated...
2024-05-08 17:18:47 [RMI TCP Connection(126)-127.0.0.1] INFO 	com.zaxxer.hikari.HikariDataSource-[HikariDataSource.java:352]-HikariPool-32 - Shutdown completed.
2024-05-08 17:18:47 [RMI TCP Connection(126)-127.0.0.1] INFO 	c.netflix.discovery.DiscoveryClient-[DiscoveryClient.java:935]-Shutting down DiscoveryClient ...
2024-05-08 17:18:50 [RMI TCP Connection(126)-127.0.0.1] INFO 	c.netflix.discovery.DiscoveryClient-[DiscoveryClient.java:971]-Unregistering ...
2024-05-08 17:18:50 [RMI TCP Connection(126)-127.0.0.1] INFO 	c.netflix.discovery.DiscoveryClient-[DiscoveryClient.java:973]-DiscoveryClient_PRACTISE_FOR_PRODUCTION/CWDT107:Practise_For_Production:8090 - deregister  status: 200
2024-05-08 17:18:50 [RMI TCP Connection(126)-127.0.0.1] INFO 	c.netflix.discovery.DiscoveryClient-[DiscoveryClient.java:960]-Completed shut down of DiscoveryClient
2024-05-08 17:18:53 [background-preinit] INFO 	o.h.validator.internal.util.Version-[Version.java:21]-HV000001: Hibernate Validator 6.2.5.Final
2024-05-08 17:18:53 [restartedMain] INFO 	c.p.PractiseForProductionApplication-[StartupInfoLogger.java:55]-Starting PractiseForProductionApplication using Java 17.0.9 on CWDT107 with PID 19276 (C:\Users\DhavalAjmera\Documents\workspace-spring-tool-suite-4-4.21.0.RELEASE\Practise_For_Production\target\classes started by DhavalAjmera in C:\Users\DhavalAjmera\Documents\workspace-spring-tool-suite-4-4.21.0.RELEASE\Practise_For_Production)
2024-05-08 17:18:53 [restartedMain] INFO 	c.p.PractiseForProductionApplication-[SpringApplication.java:632]-No active profile set, falling back to 1 default profile: "default"
2024-05-08 17:18:53 [restartedMain] INFO 	o.s.b.d.e.DevToolsPropertyDefaultsPostProcessor-[DeferredLog.java:255]-Devtools property defaults active! Set 'spring.devtools.add-properties' to 'false' to disable
2024-05-08 17:18:53 [restartedMain] INFO 	o.s.b.d.e.DevToolsPropertyDefaultsPostProcessor-[DeferredLog.java:255]-For additional web related logging consider setting the 'logging.level.web' property to 'DEBUG'
2024-05-08 17:18:54 [restartedMain] INFO 	o.s.d.r.c.RepositoryConfigurationDelegate-[RepositoryConfigurationDelegate.java:132]-Bootstrapping Spring Data JPA repositories in DEFAULT mode.
2024-05-08 17:18:54 [restartedMain] INFO 	o.s.d.r.c.RepositoryConfigurationDelegate-[RepositoryConfigurationDelegate.java:201]-Finished Spring Data repository scanning in 132 ms. Found 1 JPA repository interfaces.
2024-05-08 17:18:54 [restartedMain] INFO 	o.s.cloud.context.scope.GenericScope-[GenericScope.java:283]-BeanFactory id=38ed14e7-8f01-3c29-af2d-a1084dbc34b8
2024-05-08 17:18:55 [restartedMain] INFO 	o.s.b.w.e.tomcat.TomcatWebServer-[TomcatWebServer.java:108]-Tomcat initialized with port(s): 8090 (http)
2024-05-08 17:18:55 [restartedMain] INFO 	o.a.coyote.http11.Http11NioProtocol-[DirectJDKLog.java:173]-Initializing ProtocolHandler ["http-nio-8090"]
2024-05-08 17:18:55 [restartedMain] INFO 	o.a.catalina.core.StandardService-[DirectJDKLog.java:173]-Starting service [Tomcat]
2024-05-08 17:18:55 [restartedMain] INFO 	o.a.catalina.core.StandardEngine-[DirectJDKLog.java:173]-Starting Servlet engine: [Apache Tomcat/9.0.83]
2024-05-08 17:18:55 [restartedMain] INFO 	o.a.c.c.C.[Tomcat].[localhost].[/]-[DirectJDKLog.java:173]-Initializing Spring embedded WebApplicationContext
2024-05-08 17:18:55 [restartedMain] INFO 	o.s.b.w.s.c.ServletWebServerApplicationContext-[ServletWebServerApplicationContext.java:292]-Root WebApplicationContext: initialization completed in 1491 ms
2024-05-08 17:18:55 [restartedMain] INFO 	o.h.jpa.internal.util.LogHelper-[LogHelper.java:31]-HHH000204: Processing PersistenceUnitInfo [name: default]
2024-05-08 17:18:55 [restartedMain] INFO 	org.hibernate.Version-[Version.java:44]-HHH000412: Hibernate ORM core version 5.6.15.Final
2024-05-08 17:18:55 [restartedMain] INFO 	o.h.annotations.common.Version-[JavaReflectionManager.java:56]-HCANN000001: Hibernate Commons Annotations {5.1.2.Final}
2024-05-08 17:18:55 [restartedMain] INFO 	com.zaxxer.hikari.HikariDataSource-[HikariDataSource.java:110]-HikariPool-1 - Starting...
2024-05-08 17:18:55 [restartedMain] INFO 	com.zaxxer.hikari.HikariDataSource-[HikariDataSource.java:123]-HikariPool-1 - Start completed.
2024-05-08 17:18:55 [restartedMain] INFO 	org.hibernate.dialect.Dialect-[Dialect.java:175]-HHH000400: Using dialect: org.hibernate.dialect.MySQL8Dialect
2024-05-08 17:18:56 [restartedMain] INFO 	o.h.e.t.j.p.i.JtaPlatformInitiator-[JtaPlatformInitiator.java:52]-HHH000490: Using JtaPlatform implementation: [org.hibernate.engine.transaction.jta.platform.internal.NoJtaPlatform]
2024-05-08 17:18:56 [restartedMain] INFO 	o.s.o.j.LocalContainerEntityManagerFactoryBean-[AbstractEntityManagerFactoryBean.java:437]-Initialized JPA EntityManagerFactory for persistence unit 'default'
2024-05-08 17:18:56 [restartedMain] WARN 	o.s.b.a.o.j.JpaBaseConfiguration$JpaWebConfiguration-[JpaBaseConfiguration.java:223]-spring.jpa.open-in-view is enabled by default. Therefore, database queries may be performed during view rendering. Explicitly configure spring.jpa.open-in-view to disable this warning
2024-05-08 17:18:56 [restartedMain] WARN 	o.s.b.d.a.OptionalLiveReloadServer-[OptionalLiveReloadServer.java:62]-Unable to start LiveReload server
2024-05-08 17:18:57 [restartedMain] INFO 	o.s.c.n.e.c.DiscoveryClientOptionalArgsConfiguration-[DiscoveryClientOptionalArgsConfiguration.java:68]-Eureka HTTP Client uses RestTemplate.
2024-05-08 17:18:57 [restartedMain] WARN 	o.s.c.l.c.LoadBalancerCacheAutoConfiguration$LoadBalancerCaffeineWarnLogger-[LoadBalancerCacheAutoConfiguration.java:82]-Spring Cloud LoadBalancer is currently working with the default cache. While this cache implementation is useful for development and tests, it's recommended to use Caffeine cache in production.You can switch to using Caffeine cache, by adding it and org.springframework.cache.caffeine.CaffeineCacheManager to the classpath.
2024-05-08 17:18:57 [restartedMain] INFO 	o.s.c.n.eureka.InstanceInfoFactory-[InstanceInfoFactory.java:67]-Setting initial instance status as: STARTING
2024-05-08 17:18:57 [restartedMain] INFO 	c.netflix.discovery.DiscoveryClient-[DiscoveryClient.java:372]-Initializing Eureka in region us-east-1
2024-05-08 17:18:57 [restartedMain] INFO 	c.n.d.s.r.aws.ConfigClusterResolver-[ConfigClusterResolver.java:43]-Resolving eureka endpoints via configuration
2024-05-08 17:18:57 [restartedMain] INFO 	c.netflix.discovery.DiscoveryClient-[DiscoveryClient.java:1007]-Disable delta property : false
2024-05-08 17:18:57 [restartedMain] INFO 	c.netflix.discovery.DiscoveryClient-[DiscoveryClient.java:1008]-Single vip registry refresh property : null
2024-05-08 17:18:57 [restartedMain] INFO 	c.netflix.discovery.DiscoveryClient-[DiscoveryClient.java:1009]-Force full registry fetch : false
2024-05-08 17:18:57 [restartedMain] INFO 	c.netflix.discovery.DiscoveryClient-[DiscoveryClient.java:1010]-Application is null : false
2024-05-08 17:18:57 [restartedMain] INFO 	c.netflix.discovery.DiscoveryClient-[DiscoveryClient.java:1011]-Registered Applications size is zero : true
2024-05-08 17:18:57 [restartedMain] INFO 	c.netflix.discovery.DiscoveryClient-[DiscoveryClient.java:1013]-Application version is -1: true
2024-05-08 17:18:57 [restartedMain] INFO 	c.netflix.discovery.DiscoveryClient-[DiscoveryClient.java:1097]-Getting all instance registry info from the eureka server
2024-05-08 17:18:57 [restartedMain] INFO 	c.netflix.discovery.DiscoveryClient-[DiscoveryClient.java:1106]-The response status is 200
2024-05-08 17:18:57 [restartedMain] INFO 	c.netflix.discovery.DiscoveryClient-[DiscoveryClient.java:1321]-Starting heartbeat executor: renew interval is: 30
2024-05-08 17:18:57 [restartedMain] INFO 	c.n.discovery.InstanceInfoReplicator-[InstanceInfoReplicator.java:60]-InstanceInfoReplicator onDemand update allowed rate per min is 4
2024-05-08 17:18:57 [restartedMain] INFO 	c.netflix.discovery.DiscoveryClient-[DiscoveryClient.java:492]-Discovery Client initialized at timestamp 1715168937531 with initial instances count: 1
2024-05-08 17:18:57 [restartedMain] INFO 	o.s.c.n.e.s.EurekaServiceRegistry-[EurekaServiceRegistry.java:41]-Registering application PRACTISE_FOR_PRODUCTION with eureka with status UP
2024-05-08 17:18:57 [restartedMain] INFO 	c.netflix.discovery.DiscoveryClient-[DiscoveryClient.java:1352]-Saw local status change event StatusChangeEvent [timestamp=1715168937534, current=UP, previous=STARTING]
2024-05-08 17:18:57 [DiscoveryClient-InstanceInfoReplicator-0] INFO 	c.netflix.discovery.DiscoveryClient-[DiscoveryClient.java:873]-DiscoveryClient_PRACTISE_FOR_PRODUCTION/CWDT107:Practise_For_Production:8090: registering service...
2024-05-08 17:18:57 [restartedMain] INFO 	o.a.coyote.http11.Http11NioProtocol-[DirectJDKLog.java:173]-Starting ProtocolHandler ["http-nio-8090"]
2024-05-08 17:18:57 [restartedMain] INFO 	o.s.b.w.e.tomcat.TomcatWebServer-[TomcatWebServer.java:220]-Tomcat started on port(s): 8090 (http) with context path ''
2024-05-08 17:18:57 [restartedMain] INFO 	o.s.c.n.e.s.EurekaAutoServiceRegistration-[EurekaAutoServiceRegistration.java:144]-Updating port to 8090
2024-05-08 17:18:57 [DiscoveryClient-InstanceInfoReplicator-0] INFO 	c.netflix.discovery.DiscoveryClient-[DiscoveryClient.java:882]-DiscoveryClient_PRACTISE_FOR_PRODUCTION/CWDT107:Practise_For_Production:8090 - registration status: 204
2024-05-08 17:18:57 [restartedMain] INFO 	c.p.PractiseForProductionApplication-[StartupInfoLogger.java:61]-Started PractiseForProductionApplication in 4.303 seconds (JVM running for 4.978)
2024-05-08 17:19:21 [http-nio-8090-exec-1] INFO 	o.a.c.c.C.[Tomcat].[localhost].[/]-[DirectJDKLog.java:173]-Initializing Spring DispatcherServlet 'dispatcherServlet'
2024-05-08 17:19:21 [http-nio-8090-exec-1] INFO 	o.s.web.servlet.DispatcherServlet-[FrameworkServlet.java:525]-Initializing Servlet 'dispatcherServlet'
2024-05-08 17:19:21 [http-nio-8090-exec-1] INFO 	o.s.web.servlet.DispatcherServlet-[FrameworkServlet.java:547]-Completed initialization in 1 ms
2024-05-08 17:19:33 [http-nio-8090-exec-3] INFO 	com.practise.Controller.p_Controller-[p_Controller.java:39]-From controller
2024-05-08 17:20:10 [File Watcher] INFO 	o.s.b.d.a.LocalDevToolsAutoConfiguration$RestartingClassPathChangeChangedEventListener-[LocalDevToolsAutoConfiguration.java:211]-Restarting due to 1 class path change (0 additions, 0 deletions, 1 modification)
2024-05-08 17:20:10 [Thread-1] INFO 	o.s.c.n.e.s.EurekaServiceRegistry-[EurekaServiceRegistry.java:62]-Unregistering application PRACTISE_FOR_PRODUCTION with eureka with status DOWN
2024-05-08 17:20:10 [Thread-1] INFO 	c.netflix.discovery.DiscoveryClient-[DiscoveryClient.java:1352]-Saw local status change event StatusChangeEvent [timestamp=1715169010363, current=DOWN, previous=UP]
2024-05-08 17:20:10 [DiscoveryClient-InstanceInfoReplicator-0] INFO 	c.netflix.discovery.DiscoveryClient-[DiscoveryClient.java:873]-DiscoveryClient_PRACTISE_FOR_PRODUCTION/CWDT107:Practise_For_Production:8090: registering service...
2024-05-08 17:20:10 [DiscoveryClient-InstanceInfoReplicator-0] INFO 	c.netflix.discovery.DiscoveryClient-[DiscoveryClient.java:882]-DiscoveryClient_PRACTISE_FOR_PRODUCTION/CWDT107:Practise_For_Production:8090 - registration status: 204
2024-05-08 17:20:10 [Thread-1] INFO 	o.a.coyote.http11.Http11NioProtocol-[DirectJDKLog.java:173]-Pausing ProtocolHandler ["http-nio-8090"]
2024-05-08 17:20:10 [Thread-1] INFO 	o.a.catalina.core.StandardService-[DirectJDKLog.java:173]-Stopping service [Tomcat]
2024-05-08 17:20:10 [Thread-1] INFO 	o.a.c.c.C.[Tomcat].[localhost].[/]-[DirectJDKLog.java:173]-Destroying Spring FrameworkServlet 'dispatcherServlet'
2024-05-08 17:20:10 [Thread-1] INFO 	o.a.coyote.http11.Http11NioProtocol-[DirectJDKLog.java:173]-Stopping ProtocolHandler ["http-nio-8090"]
2024-05-08 17:20:10 [Thread-1] INFO 	o.a.coyote.http11.Http11NioProtocol-[DirectJDKLog.java:173]-Destroying ProtocolHandler ["http-nio-8090"]
2024-05-08 17:20:10 [Thread-1] INFO 	o.s.o.j.LocalContainerEntityManagerFactoryBean-[AbstractEntityManagerFactoryBean.java:651]-Closing JPA EntityManagerFactory for persistence unit 'default'
2024-05-08 17:20:10 [Thread-1] INFO 	com.zaxxer.hikari.HikariDataSource-[HikariDataSource.java:350]-HikariPool-1 - Shutdown initiated...
2024-05-08 17:20:10 [Thread-1] INFO 	com.zaxxer.hikari.HikariDataSource-[HikariDataSource.java:352]-HikariPool-1 - Shutdown completed.
2024-05-08 17:20:10 [Thread-1] INFO 	c.netflix.discovery.DiscoveryClient-[DiscoveryClient.java:935]-Shutting down DiscoveryClient ...
2024-05-08 17:20:13 [Thread-1] INFO 	c.netflix.discovery.DiscoveryClient-[DiscoveryClient.java:971]-Unregistering ...
2024-05-08 17:20:13 [Thread-1] INFO 	c.netflix.discovery.DiscoveryClient-[DiscoveryClient.java:973]-DiscoveryClient_PRACTISE_FOR_PRODUCTION/CWDT107:Practise_For_Production:8090 - deregister  status: 200
2024-05-08 17:20:13 [Thread-1] INFO 	c.netflix.discovery.DiscoveryClient-[DiscoveryClient.java:960]-Completed shut down of DiscoveryClient
2024-05-08 17:20:13 [restartedMain] INFO 	c.p.PractiseForProductionApplication-[StartupInfoLogger.java:55]-Starting PractiseForProductionApplication using Java 17.0.9 on CWDT107 with PID 19276 (C:\Users\DhavalAjmera\Documents\workspace-spring-tool-suite-4-4.21.0.RELEASE\Practise_For_Production\target\classes started by DhavalAjmera in C:\Users\DhavalAjmera\Documents\workspace-spring-tool-suite-4-4.21.0.RELEASE\Practise_For_Production)
2024-05-08 17:20:13 [restartedMain] INFO 	c.p.PractiseForProductionApplication-[SpringApplication.java:632]-No active profile set, falling back to 1 default profile: "default"
2024-05-08 17:20:13 [restartedMain] INFO 	o.s.d.r.c.RepositoryConfigurationDelegate-[RepositoryConfigurationDelegate.java:132]-Bootstrapping Spring Data JPA repositories in DEFAULT mode.
2024-05-08 17:20:13 [restartedMain] INFO 	o.s.d.r.c.RepositoryConfigurationDelegate-[RepositoryConfigurationDelegate.java:201]-Finished Spring Data repository scanning in 9 ms. Found 1 JPA repository interfaces.
2024-05-08 17:20:13 [restartedMain] INFO 	o.s.cloud.context.scope.GenericScope-[GenericScope.java:283]-BeanFactory id=38ed14e7-8f01-3c29-af2d-a1084dbc34b8
2024-05-08 17:20:13 [restartedMain] INFO 	o.s.b.w.e.tomcat.TomcatWebServer-[TomcatWebServer.java:108]-Tomcat initialized with port(s): 8090 (http)
2024-05-08 17:20:13 [restartedMain] INFO 	o.a.coyote.http11.Http11NioProtocol-[DirectJDKLog.java:173]-Initializing ProtocolHandler ["http-nio-8090"]
2024-05-08 17:20:13 [restartedMain] INFO 	o.a.catalina.core.StandardService-[DirectJDKLog.java:173]-Starting service [Tomcat]
2024-05-08 17:20:13 [restartedMain] INFO 	o.a.catalina.core.StandardEngine-[DirectJDKLog.java:173]-Starting Servlet engine: [Apache Tomcat/9.0.83]
2024-05-08 17:20:13 [restartedMain] INFO 	o.a.c.c.C.[Tomcat].[localhost].[/]-[DirectJDKLog.java:173]-Initializing Spring embedded WebApplicationContext
2024-05-08 17:20:13 [restartedMain] INFO 	o.s.b.w.s.c.ServletWebServerApplicationContext-[ServletWebServerApplicationContext.java:292]-Root WebApplicationContext: initialization completed in 382 ms
2024-05-08 17:20:13 [restartedMain] INFO 	o.h.jpa.internal.util.LogHelper-[LogHelper.java:31]-HHH000204: Processing PersistenceUnitInfo [name: default]
2024-05-08 17:20:13 [restartedMain] INFO 	com.zaxxer.hikari.HikariDataSource-[HikariDataSource.java:110]-HikariPool-2 - Starting...
2024-05-08 17:20:13 [restartedMain] INFO 	com.zaxxer.hikari.HikariDataSource-[HikariDataSource.java:123]-HikariPool-2 - Start completed.
2024-05-08 17:20:13 [restartedMain] INFO 	org.hibernate.dialect.Dialect-[Dialect.java:175]-HHH000400: Using dialect: org.hibernate.dialect.MySQL8Dialect
2024-05-08 17:20:13 [restartedMain] INFO 	o.h.e.t.j.p.i.JtaPlatformInitiator-[JtaPlatformInitiator.java:52]-HHH000490: Using JtaPlatform implementation: [org.hibernate.engine.transaction.jta.platform.internal.NoJtaPlatform]
2024-05-08 17:20:13 [restartedMain] INFO 	o.s.o.j.LocalContainerEntityManagerFactoryBean-[AbstractEntityManagerFactoryBean.java:437]-Initialized JPA EntityManagerFactory for persistence unit 'default'
2024-05-08 17:20:14 [restartedMain] WARN 	o.s.b.a.o.j.JpaBaseConfiguration$JpaWebConfiguration-[JpaBaseConfiguration.java:223]-spring.jpa.open-in-view is enabled by default. Therefore, database queries may be performed during view rendering. Explicitly configure spring.jpa.open-in-view to disable this warning
2024-05-08 17:20:14 [restartedMain] WARN 	o.s.b.d.a.OptionalLiveReloadServer-[OptionalLiveReloadServer.java:62]-Unable to start LiveReload server
2024-05-08 17:20:14 [restartedMain] INFO 	o.s.c.n.e.c.DiscoveryClientOptionalArgsConfiguration-[DiscoveryClientOptionalArgsConfiguration.java:68]-Eureka HTTP Client uses RestTemplate.
2024-05-08 17:20:14 [restartedMain] WARN 	o.s.c.l.c.LoadBalancerCacheAutoConfiguration$LoadBalancerCaffeineWarnLogger-[LoadBalancerCacheAutoConfiguration.java:82]-Spring Cloud LoadBalancer is currently working with the default cache. While this cache implementation is useful for development and tests, it's recommended to use Caffeine cache in production.You can switch to using Caffeine cache, by adding it and org.springframework.cache.caffeine.CaffeineCacheManager to the classpath.
2024-05-08 17:20:14 [restartedMain] INFO 	o.s.c.n.eureka.InstanceInfoFactory-[InstanceInfoFactory.java:67]-Setting initial instance status as: STARTING
2024-05-08 17:20:14 [restartedMain] INFO 	c.netflix.discovery.DiscoveryClient-[DiscoveryClient.java:372]-Initializing Eureka in region us-east-1
2024-05-08 17:20:14 [restartedMain] INFO 	c.n.d.s.r.aws.ConfigClusterResolver-[ConfigClusterResolver.java:43]-Resolving eureka endpoints via configuration
2024-05-08 17:20:14 [restartedMain] INFO 	c.netflix.discovery.DiscoveryClient-[DiscoveryClient.java:1007]-Disable delta property : false
2024-05-08 17:20:14 [restartedMain] INFO 	c.netflix.discovery.DiscoveryClient-[DiscoveryClient.java:1008]-Single vip registry refresh property : null
2024-05-08 17:20:14 [restartedMain] INFO 	c.netflix.discovery.DiscoveryClient-[DiscoveryClient.java:1009]-Force full registry fetch : false
2024-05-08 17:20:14 [restartedMain] INFO 	c.netflix.discovery.DiscoveryClient-[DiscoveryClient.java:1010]-Application is null : false
2024-05-08 17:20:14 [restartedMain] INFO 	c.netflix.discovery.DiscoveryClient-[DiscoveryClient.java:1011]-Registered Applications size is zero : true
2024-05-08 17:20:14 [restartedMain] INFO 	c.netflix.discovery.DiscoveryClient-[DiscoveryClient.java:1013]-Application version is -1: true
2024-05-08 17:20:14 [restartedMain] INFO 	c.netflix.discovery.DiscoveryClient-[DiscoveryClient.java:1097]-Getting all instance registry info from the eureka server
2024-05-08 17:20:14 [restartedMain] INFO 	c.netflix.discovery.DiscoveryClient-[DiscoveryClient.java:1106]-The response status is 200
2024-05-08 17:20:14 [restartedMain] INFO 	c.netflix.discovery.DiscoveryClient-[DiscoveryClient.java:1321]-Starting heartbeat executor: renew interval is: 30
2024-05-08 17:20:14 [restartedMain] INFO 	c.n.discovery.InstanceInfoReplicator-[InstanceInfoReplicator.java:60]-InstanceInfoReplicator onDemand update allowed rate per min is 4
2024-05-08 17:20:14 [restartedMain] INFO 	c.netflix.discovery.DiscoveryClient-[DiscoveryClient.java:492]-Discovery Client initialized at timestamp 1715169014330 with initial instances count: 1
2024-05-08 17:20:14 [restartedMain] INFO 	o.s.c.n.e.s.EurekaServiceRegistry-[EurekaServiceRegistry.java:41]-Registering application PRACTISE_FOR_PRODUCTION with eureka with status UP
2024-05-08 17:20:14 [restartedMain] INFO 	c.netflix.discovery.DiscoveryClient-[DiscoveryClient.java:1352]-Saw local status change event StatusChangeEvent [timestamp=1715169014332, current=UP, previous=STARTING]
2024-05-08 17:20:14 [DiscoveryClient-InstanceInfoReplicator-0] INFO 	c.netflix.discovery.DiscoveryClient-[DiscoveryClient.java:873]-DiscoveryClient_PRACTISE_FOR_PRODUCTION/CWDT107:Practise_For_Production:8090: registering service...
2024-05-08 17:20:14 [restartedMain] INFO 	o.a.coyote.http11.Http11NioProtocol-[DirectJDKLog.java:173]-Starting ProtocolHandler ["http-nio-8090"]
2024-05-08 17:20:14 [restartedMain] INFO 	o.s.b.w.e.tomcat.TomcatWebServer-[TomcatWebServer.java:220]-Tomcat started on port(s): 8090 (http) with context path ''
2024-05-08 17:20:14 [restartedMain] INFO 	o.s.c.n.e.s.EurekaAutoServiceRegistration-[EurekaAutoServiceRegistration.java:144]-Updating port to 8090
2024-05-08 17:20:14 [DiscoveryClient-InstanceInfoReplicator-0] INFO 	c.netflix.discovery.DiscoveryClient-[DiscoveryClient.java:882]-DiscoveryClient_PRACTISE_FOR_PRODUCTION/CWDT107:Practise_For_Production:8090 - registration status: 204
2024-05-08 17:20:14 [restartedMain] INFO 	c.p.PractiseForProductionApplication-[StartupInfoLogger.java:61]-Started PractiseForProductionApplication in 0.909 seconds (JVM running for 81.747)
2024-05-08 17:20:14 [restartedMain] INFO 	o.s.b.d.a.ConditionEvaluationDeltaLoggingListener-[ConditionEvaluationDeltaLoggingListener.java:63]-Condition evaluation unchanged
2024-05-08 17:21:32 [RMI TCP Connection(7)-127.0.0.1] INFO 	o.s.b.a.SpringApplicationAdminMXBeanRegistrar$SpringApplicationAdmin-[SpringApplicationAdminMXBeanRegistrar.java:159]-Application shutdown requested.
2024-05-08 17:21:32 [RMI TCP Connection(7)-127.0.0.1] INFO 	o.s.c.n.e.s.EurekaServiceRegistry-[EurekaServiceRegistry.java:62]-Unregistering application PRACTISE_FOR_PRODUCTION with eureka with status DOWN
2024-05-08 17:21:32 [RMI TCP Connection(7)-127.0.0.1] INFO 	c.netflix.discovery.DiscoveryClient-[DiscoveryClient.java:1352]-Saw local status change event StatusChangeEvent [timestamp=1715169092426, current=DOWN, previous=UP]
2024-05-08 17:21:32 [DiscoveryClient-InstanceInfoReplicator-0] INFO 	c.netflix.discovery.DiscoveryClient-[DiscoveryClient.java:873]-DiscoveryClient_PRACTISE_FOR_PRODUCTION/CWDT107:Practise_For_Production:8090: registering service...
2024-05-08 17:21:32 [DiscoveryClient-InstanceInfoReplicator-0] INFO 	c.netflix.discovery.DiscoveryClient-[DiscoveryClient.java:882]-DiscoveryClient_PRACTISE_FOR_PRODUCTION/CWDT107:Practise_For_Production:8090 - registration status: 204
2024-05-08 17:21:32 [RMI TCP Connection(7)-127.0.0.1] INFO 	o.a.coyote.http11.Http11NioProtocol-[DirectJDKLog.java:173]-Pausing ProtocolHandler ["http-nio-8090"]
2024-05-08 17:21:32 [RMI TCP Connection(7)-127.0.0.1] INFO 	o.a.catalina.core.StandardService-[DirectJDKLog.java:173]-Stopping service [Tomcat]
2024-05-08 17:21:32 [RMI TCP Connection(7)-127.0.0.1] INFO 	o.a.coyote.http11.Http11NioProtocol-[DirectJDKLog.java:173]-Stopping ProtocolHandler ["http-nio-8090"]
2024-05-08 17:21:32 [RMI TCP Connection(7)-127.0.0.1] INFO 	o.a.coyote.http11.Http11NioProtocol-[DirectJDKLog.java:173]-Destroying ProtocolHandler ["http-nio-8090"]
2024-05-08 17:21:32 [RMI TCP Connection(7)-127.0.0.1] INFO 	o.s.o.j.LocalContainerEntityManagerFactoryBean-[AbstractEntityManagerFactoryBean.java:651]-Closing JPA EntityManagerFactory for persistence unit 'default'
2024-05-08 17:21:32 [RMI TCP Connection(7)-127.0.0.1] INFO 	com.zaxxer.hikari.HikariDataSource-[HikariDataSource.java:350]-HikariPool-2 - Shutdown initiated...
2024-05-08 17:21:32 [RMI TCP Connection(7)-127.0.0.1] INFO 	com.zaxxer.hikari.HikariDataSource-[HikariDataSource.java:352]-HikariPool-2 - Shutdown completed.
2024-05-08 17:21:32 [RMI TCP Connection(7)-127.0.0.1] INFO 	c.netflix.discovery.DiscoveryClient-[DiscoveryClient.java:935]-Shutting down DiscoveryClient ...
2024-05-08 17:21:35 [RMI TCP Connection(7)-127.0.0.1] INFO 	c.netflix.discovery.DiscoveryClient-[DiscoveryClient.java:971]-Unregistering ...
2024-05-08 17:21:35 [RMI TCP Connection(7)-127.0.0.1] INFO 	c.netflix.discovery.DiscoveryClient-[DiscoveryClient.java:973]-DiscoveryClient_PRACTISE_FOR_PRODUCTION/CWDT107:Practise_For_Production:8090 - deregister  status: 200
2024-05-08 17:21:35 [RMI TCP Connection(7)-127.0.0.1] INFO 	c.netflix.discovery.DiscoveryClient-[DiscoveryClient.java:960]-Completed shut down of DiscoveryClient
